#
# A fatal error has been detected by the Java Runtime Environment:
#
#  SIGSEGV (0xb) at pc=0x0000000106f9a9da, pid=54010, tid=140735241603424
#
# JRE version: 7.0_05-b06
# Java VM: Java HotSpot(TM) 64-Bit Server VM (23.1-b03 mixed mode bsd-amd64 compressed oops)
# Problematic frame:
# V  [libjvm.dylib+0x49a9da]
#
# Failed to write core dump. Core dumps have been disabled. To enable core dumping, try "ulimit -c unlimited" before starting Java again
#
# If you would like to submit a bug report, please visit:
#   http://bugreport.sun.com/bugreport/crash.jsp
#

---------------  T H R E A D  ---------------

Current thread is native thread

siginfo:si_signo=SIGSEGV: si_errno=0, si_code=1 (SEGV_MAPERR), si_addr=0x0000000000000250

Registers:
RAX=0x0000000000000000, RBX=0x0000000000000000, RCX=0x0000000000000000, RDX=0x0000000000000000
RSP=0x00007fff664cc540, RBP=0x00007fff664cc550, RSI=0x0000000000000006, RDI=0x00007fff664cc5b0
R8 =0x00007fff664cc73c, R9 =0x00007fff664cc738, R10=0x0000000000003b00, R11=0x00000001069edb6a
R12=0x00007fa2a9681ba0, R13=0x000000000000008a, R14=0x0000000000000000, R15=0x00007fa2a9681b90
RIP=0x0000000106f9a9da, EFLAGS=0x0000000000010246, ERR=0x0000000000000006
  TRAPNO=0x000000000000000e

Top of Stack: (sp=0x00007fff664cc540)
0x00007fff664cc540:   0000000124ab39e3 0000000000000000
0x00007fff664cc550:   00007fff664cc5e0 0000000106d9240f
0x00007fff664cc560:   0000000124af069a 0000000124af14d0
0x00007fff664cc570:   00007fa2ab1339d8 0000000124af06b4
0x00007fff664cc580:   0000000124af069a 000000000000000d
0x00007fff664cc590:   00007fff664cc620 00007fff664e69cd
0x00007fff664cc5a0:   0000000124af069a 0000000000000000
0x00007fff664cc5b0:   0000000000000000 0000000124ae3ac0
0x00007fff664cc5c0:   00007fa2a9681ba0 000000000000008a
0x00007fff664cc5d0:   00007fa2ab1339d8 00007fa2a9681b90
0x00007fff664cc5e0:   00007fff664cc610 00000001069ebf9d
0x00007fff664cc5f0:   0000000106a31d30 0000000124ae3ad0
0x00007fff664cc600:   00007fa2ab1339d8 00007fa2a9681b90
0x00007fff664cc610:   00007fff664cc630 00000001069ec0a3
0x00007fff664cc620:   0000000124ae3ad0 00007fa2ab1339d8
0x00007fff664cc630:   00007fff664cc720 00000001069edbfc
0x00007fff664cc640:   00007fff664cc710 00007fff91d21716
0x00007fff664cc650:   0000000000000000 0000000000000000
0x00007fff664cc660:   00007fff664cc73c 00007fff664cc738
0x00007fff664cc670:   00007fff664cc73c 00007fff664cc738
0x00007fff664cc680:   00007fa2ab133900 00007fff93b1d470
0x00007fff664cc690:   0000000000000000 0000000000000000
0x00007fff664cc6a0:   0000000000000000 0000000000000000
0x00007fff664cc6b0:   00007fff796bcfe8 0000000106a361c0
0x00007fff664cc6c0:   00007fa2a96603f0 00007fff796b1f98
0x00007fff664cc6d0:   5f5f6e6f69746163 546873696e696631
0x00007fff664cc6e0:   0000000000000000 0000000000000000
0x00007fff664cc6f0:   0000000000000000 0000003000000010
0x00007fff664cc700:   00007fff664cc730 00007fff664cc640
0x00007fff664cc710:   0000000000000000 0000000000000002
0x00007fff664cc720:   00007fff664cc740 0000000124a79849
0x00007fff664cc730:   00007fff664cc740 0000000000000000 

Instructions: (pc=0x0000000106f9a9da)
0x0000000106f9a9ba:   07 48 83 c4 08 5b 5d c3 31 f6 48 83 c4 08 5b 5d
0x0000000106f9a9ca:   e9 0d af fd ff 90 55 48 89 e5 41 56 53 48 8b 1f
0x0000000106f9a9da:   c7 83 50 02 00 00 05 00 00 00 48 8d 05 8d 1c 29
0x0000000106f9a9ea:   00 83 38 02 7c 37 48 8d 05 11 4b 20 00 80 38 00 

Register to memory mapping:

RAX=0x0000000000000000 is an unknown value
RBX=0x0000000000000000 is an unknown value
RCX=0x0000000000000000 is an unknown value
RDX=0x0000000000000000 is an unknown value
RSP=0x00007fff664cc540 is an unknown value
RBP=0x00007fff664cc550 is an unknown value
RSI=0x0000000000000006 is an unknown value
RDI=0x00007fff664cc5b0 is an unknown value
R8 =0x00007fff664cc73c is an unknown value
R9 =0x00007fff664cc738 is an unknown value
R10=0x0000000000003b00 is an unknown value
R11=0x00000001069edb6a: JNFCallStaticVoidMethod+0 in /System/Library/Frameworks/JavaVM.framework/Versions/A/Frameworks/JavaNativeFoundation.framework/Versions/A/JavaNativeFoundation at 0x00000001069ea000
R12=0x00007fa2a9681ba0 is an unknown value
R13=0x000000000000008a is an unknown value
R14=0x0000000000000000 is an unknown value
R15=0x00007fa2a9681b90 is an unknown value


Stack: [0x00007fff65ccf000,0x00007fff664cf000],  sp=0x00007fff664cc540,  free space=8181k
Native frames: (J=compiled Java code, j=interpreted, Vv=VM code, C=native code)
V  [libjvm.dylib+0x49a9da]
V  [libjvm.dylib+0x29240f]
C  [JavaNativeFoundation+0x1f9d]  JNFLookupClass+0x1f
C  [JavaNativeFoundation+0x20a3]  JNFLookupMemberID+0x20
C  [JavaNativeFoundation+0x3bfc]  JNFCallStaticVoidMethod+0x92
C  [liblwawt.dylib+0xd849]  setBusy+0x79
C  [CoreFoundation+0x638e7]  __CFRUNLOOP_IS_CALLING_OUT_TO_AN_OBSERVER_CALLBACK_FUNCTION__+0x17
C  [CoreFoundation+0x63846]  __CFRunLoopDoObservers+0x176
C  [CoreFoundation+0x38be6]  __CFRunLoopRun+0x426
C  [CoreFoundation+0x38486]  CFRunLoopRunSpecific+0xe6
C  [java+0x74bc]  CreateExecutionEnvironment+0x367
C  [java+0x1cac]  JLI_Launch+0x7a0
C  [java+0x7819]  main+0x65
C  [java+0x1504]  start+0x34


---------------  P R O C E S S  ---------------

VM state:not at safepoint (normal execution)

VM Mutex/Monitor currently owned by a thread: None

Heap
 PSYoungGen      total 22528K, used 18009K [0x00000007e6e00000, 0x00000007e8720000, 0x0000000800000000)
  eden space 19328K, 79% used [0x00000007e6e00000,0x00000007e7d158b8,0x00000007e80e0000)
  from space 3200K, 80% used [0x00000007e80e0000,0x00000007e8360b48,0x00000007e8400000)
  to   space 3200K, 0% used [0x00000007e8400000,0x00000007e8400000,0x00000007e8720000)
 ParOldGen       total 51456K, used 8K [0x00000007b4a00000, 0x00000007b7c40000, 0x00000007e6e00000)
  object space 51456K, 0% used [0x00000007b4a00000,0x00000007b4a02000,0x00000007b7c40000)
 PSPermGen       total 21248K, used 13026K [0x00000007af800000, 0x00000007b0cc0000, 0x00000007b4a00000)
  object space 21248K, 61% used [0x00000007af800000,0x00000007b04b92f8,0x00000007b0cc0000)

Code Cache  [0x00000001076d3000, 0x0000000107943000, 0x000000010a6d3000)
 total_blobs=531 nmethods=129 adapters=354 free_code_cache=48431Kb largest_free_block=49584960

Compilation events (10 events):
Event: 1.102 Thread 0x00007fa2ab01a800 nmethod 123 0x0000000107781190 code [0x0000000107781380, 0x0000000107781e70]
Event: 1.119 Thread 0x00007fa2ab019000 nmethod 124 0x00000001077844d0 code [0x0000000107784660, 0x00000001077852e8]
Event: 1.140 Thread 0x00007fa2ab01a800  125             java.lang.String::startsWith (7 bytes)
Event: 1.142 Thread 0x00007fa2ab01a800 nmethod 125 0x0000000107770c10 code [0x0000000107770d60, 0x0000000107770e78]
Event: 1.163 Thread 0x00007fa2ab019000  126             java.lang.String::endsWith (15 bytes)
Event: 1.165 Thread 0x00007fa2ab019000 nmethod 126 0x0000000107780e50 code [0x0000000107780fa0, 0x00000001077810b8]
Event: 1.175 Thread 0x00007fa2ab01a800  127             java.lang.AbstractStringBuilder::append (48 bytes)
Event: 1.182 Thread 0x00007fa2ab01a800 nmethod 127 0x0000000107785790 code [0x0000000107785900, 0x0000000107785cf8]
Event: 1.188 Thread 0x00007fa2ab019000  128             java.io.UnixFileSystem::normalize (75 bytes)
Event: 1.192 Thread 0x00007fa2ab019000 nmethod 128 0x0000000107786050 code [0x00000001077861a0, 0x0000000107786418]

GC Heap History (2 events):
Event: 1.038 GC heap before
{Heap before GC invocations=1 (full 0):
 PSYoungGen      total 22528K, used 19328K [0x00000007e6e00000, 0x00000007e8720000, 0x0000000800000000)
  eden space 19328K, 100% used [0x00000007e6e00000,0x00000007e80e0000,0x00000007e80e0000)
  from space 3200K, 0% used [0x00000007e8400000,0x00000007e8400000,0x00000007e8720000)
  to   space 3200K, 0% used [0x00000007e80e0000,0x00000007e80e0000,0x00000007e8400000)
 ParOldGen       total 51456K, used 0K [0x00000007b4a00000, 0x00000007b7c40000, 0x00000007e6e00000)
  object space 51456K, 0% used [0x00000007b4a00000,0x00000007b4a00000,0x00000007b7c40000)
 PSPermGen       total 21248K, used 10127K [0x00000007af800000, 0x00000007b0cc0000, 0x00000007b4a00000)
  object space 21248K, 47% used [0x00000007af800000,0x00000007b01e3f10,0x00000007b0cc0000)
Event: 1.047 GC heap after
Heap after GC invocations=1 (full 0):
 PSYoungGen      total 22528K, used 2562K [0x00000007e6e00000, 0x00000007e8720000, 0x0000000800000000)
  eden space 19328K, 0% used [0x00000007e6e00000,0x00000007e6e00000,0x00000007e80e0000)
  from space 3200K, 80% used [0x00000007e80e0000,0x00000007e8360b48,0x00000007e8400000)
  to   space 3200K, 0% used [0x00000007e8400000,0x00000007e8400000,0x00000007e8720000)
 ParOldGen       total 51456K, used 8K [0x00000007b4a00000, 0x00000007b7c40000, 0x00000007e6e00000)
  object space 51456K, 0% used [0x00000007b4a00000,0x00000007b4a02000,0x00000007b7c40000)
 PSPermGen       total 21248K, used 10127K [0x00000007af800000, 0x00000007b0cc0000, 0x00000007b4a00000)
  object space 21248K, 47% used [0x00000007af800000,0x00000007b01e3f10,0x00000007b0cc0000)
}

Deoptimization events (1 events):
Event: 0.563 Thread 0x00007fa2ab133800 Uncommon trap -12 fr.pc 0x0000000107738e64

Internal exceptions (10 events):
Event: 1.153 Thread 0x00007fa2ab133800 Threw 0x00000007e79e3a80 at /HUDSON/workspace/jdk7u5-2-build-macosx-amd64-product/jdk7u5/hotspot/src/share/vm/prims/jvm.cpp:1166
Event: 1.156 Thread 0x00007fa2ab133800 Threw 0x00000007e7ac43a8 at /HUDSON/workspace/jdk7u5-2-build-macosx-amd64-product/jdk7u5/hotspot/src/share/vm/prims/jvm.cpp:1166
Event: 1.160 Thread 0x00007fa2ab133800 Threw 0x00000007e7ba4e78 at /HUDSON/workspace/jdk7u5-2-build-macosx-amd64-product/jdk7u5/hotspot/src/share/vm/prims/jvm.cpp:1166
Event: 1.180 Thread 0x00007fa2ab133800 Threw 0x00000007e7bf1e60 at /HUDSON/workspace/jdk7u5-2-build-macosx-amd64-product/jdk7u5/hotspot/src/share/vm/prims/jvm.cpp:1166
Event: 1.181 Thread 0x00007fa2ab133800 Threw 0x00000007e7bf2600 at /HUDSON/workspace/jdk7u5-2-build-macosx-amd64-product/jdk7u5/hotspot/src/share/vm/prims/jvm.cpp:1166
Event: 1.181 Thread 0x00007fa2ab133800 Threw 0x00000007e7bf6180 at /HUDSON/workspace/jdk7u5-2-build-macosx-amd64-product/jdk7u5/hotspot/src/share/vm/prims/jvm.cpp:1166
Event: 1.181 Thread 0x00007fa2ab133800 Threw 0x00000007e7bf6848 at /HUDSON/workspace/jdk7u5-2-build-macosx-amd64-product/jdk7u5/hotspot/src/share/vm/prims/jvm.cpp:1166
Event: 1.232 Thread 0x00007fa2aa000800 Threw 0x00000007e7c9fea0 at /HUDSON/workspace/jdk7u5-2-build-macosx-amd64-product/jdk7u5/hotspot/src/share/vm/runtime/reflection.cp
Event: 1.255 Thread 0x00007fa2aa000800 Threw 0x00000007e7cb2958 at /HUDSON/workspace/jdk7u5-2-build-macosx-amd64-product/jdk7u5/hotspot/src/share/vm/prims/jni.cpp:715
Event: 1.255 Thread 0x00007fa2aa000800 Threw 0x00000007e7cb32f0 at /HUDSON/workspace/jdk7u5-2-build-macosx-amd64-product/jdk7u5/hotspot/src/share/vm/prims/jni.cpp:715

Events (10 events):
Event: 1.262 loading class 0x00007fa2a96836e0 done
Event: 1.262 loading class 0x00007fa2a9685c50 done
Event: 1.262 loading class 0x0000000106acb6b0
Event: 1.262 loading class 0x0000000106acb6b0 done
Event: 1.262 loading class 0x00007fa2a96878e0
Event: 1.263 loading class 0x00007fa2a96878e0 done
Event: 1.263 loading class 0x00007fa2a9681ea0
Event: 1.263 loading class 0x00007fa2a9681ea0 done
Event: 1.263 Thread 0x00007fa2ab133800 Thread exited: 0x00007fa2ab133800
Event: 1.263 loading class 0x0000000106af5340


Dynamic libraries:
0x0000000008b05000 	/System/Library/Frameworks/Cocoa.framework/Versions/A/Cocoa
0x0000000008b05000 	/System/Library/Frameworks/Security.framework/Versions/A/Security
0x0000000008b05000 	/System/Library/Frameworks/ApplicationServices.framework/Versions/A/ApplicationServices
0x0000000008b05000 	/usr/lib/libz.1.dylib
0x0000000008b05000 	/usr/lib/libSystem.B.dylib
0x0000000008b05000 	/usr/lib/libobjc.A.dylib
0x0000000008b05000 	/System/Library/Frameworks/CoreFoundation.framework/Versions/A/CoreFoundation
0x0000000008b05000 	/System/Library/Frameworks/AppKit.framework/Versions/C/AppKit
0x0000000008b05000 	/System/Library/Frameworks/CoreData.framework/Versions/A/CoreData
0x0000000008b05000 	/System/Library/Frameworks/Foundation.framework/Versions/C/Foundation
0x0000000008b05000 	/System/Library/PrivateFrameworks/RemoteViewServices.framework/Versions/A/RemoteViewServices
0x0000000008b05000 	/System/Library/Frameworks/AudioToolbox.framework/Versions/A/AudioToolbox
0x0000000008b05000 	/System/Library/Frameworks/AudioUnit.framework/Versions/A/AudioUnit
0x0000000008b05000 	/System/Library/PrivateFrameworks/DataDetectorsCore.framework/Versions/A/DataDetectorsCore
0x0000000008b05000 	/System/Library/PrivateFrameworks/DesktopServicesPriv.framework/Versions/A/DesktopServicesPriv
0x0000000008b05000 	/System/Library/Frameworks/Carbon.framework/Versions/A/Frameworks/HIToolbox.framework/Versions/A/HIToolbox
0x0000000008b05000 	/System/Library/Frameworks/QuartzCore.framework/Versions/A/QuartzCore
0x0000000008b05000 	/System/Library/Frameworks/Carbon.framework/Versions/A/Frameworks/SpeechRecognition.framework/Versions/A/SpeechRecognition
0x0000000008b05000 	/usr/lib/libauto.dylib
0x0000000008b05000 	/usr/lib/libicucore.A.dylib
0x0000000008b05000 	/usr/lib/libxml2.2.dylib
0x0000000008b05000 	/System/Library/PrivateFrameworks/CoreUI.framework/Versions/A/CoreUI
0x0000000008b05000 	/System/Library/Frameworks/CoreAudio.framework/Versions/A/CoreAudio
0x0000000008b05000 	/System/Library/Frameworks/DiskArbitration.framework/Versions/A/DiskArbitration
0x0000000008b05000 	/usr/lib/liblangid.dylib
0x0000000008b05000 	/System/Library/PrivateFrameworks/MultitouchSupport.framework/Versions/A/MultitouchSupport
0x0000000008b05000 	/System/Library/Frameworks/IOKit.framework/Versions/A/IOKit
0x0000000008b05000 	/usr/lib/libDiagnosticMessagesClient.dylib
0x0000000008b05000 	/System/Library/Frameworks/CoreServices.framework/Versions/A/CoreServices
0x0000000008b05000 	/System/Library/PrivateFrameworks/PerformanceAnalysis.framework/Versions/A/PerformanceAnalysis
0x0000000008b05000 	/System/Library/PrivateFrameworks/GenerationalStorage.framework/Versions/A/GenerationalStorage
0x0000000008b05000 	/System/Library/Frameworks/OpenGL.framework/Versions/A/OpenGL
0x0000000008b05000 	/System/Library/Frameworks/CoreServices.framework/Versions/A/Frameworks/CFNetwork.framework/Versions/A/CFNetwork
0x0000000008b05000 	/System/Library/Frameworks/SystemConfiguration.framework/Versions/A/SystemConfiguration
0x0000000008b05000 	/usr/lib/libCRFSuite.dylib
0x0000000008b05000 	/usr/lib/libc++.1.dylib
0x0000000008b05000 	/usr/lib/libstdc++.6.dylib
0x0000000008b05000 	/usr/lib/libc++abi.dylib
0x0000000008b05000 	/usr/lib/system/libcache.dylib
0x0000000008b05000 	/usr/lib/system/libcommonCrypto.dylib
0x0000000008b05000 	/usr/lib/system/libcompiler_rt.dylib
0x0000000008b05000 	/usr/lib/system/libcopyfile.dylib
0x0000000008b05000 	/usr/lib/system/libdispatch.dylib
0x0000000008b05000 	/usr/lib/system/libdnsinfo.dylib
0x0000000008b05000 	/usr/lib/system/libdyld.dylib
0x0000000008b05000 	/usr/lib/system/libkeymgr.dylib
0x0000000008b05000 	/usr/lib/system/liblaunch.dylib
0x0000000008b05000 	/usr/lib/system/libmacho.dylib
0x0000000008b05000 	/usr/lib/system/libmathCommon.A.dylib
0x0000000008b05000 	/usr/lib/system/libquarantine.dylib
0x0000000008b05000 	/usr/lib/system/libremovefile.dylib
0x0000000008b05000 	/usr/lib/system/libsystem_blocks.dylib
0x0000000008b05000 	/usr/lib/system/libsystem_c.dylib
0x0000000008b05000 	/usr/lib/system/libsystem_dnssd.dylib
0x0000000008b05000 	/usr/lib/system/libsystem_info.dylib
0x0000000008b05000 	/usr/lib/system/libsystem_kernel.dylib
0x0000000008b05000 	/usr/lib/system/libsystem_network.dylib
0x0000000008b05000 	/usr/lib/system/libsystem_notify.dylib
0x0000000008b05000 	/usr/lib/system/libsystem_sandbox.dylib
0x0000000008b05000 	/usr/lib/system/libunc.dylib
0x0000000008b05000 	/usr/lib/system/libunwind.dylib
0x0000000008b05000 	/usr/lib/system/libxpc.dylib
0x0000000008b05000 	/usr/lib/libbsm.0.dylib
0x0000000008b05000 	/usr/lib/libsqlite3.dylib
0x0000000008b05000 	/usr/lib/libOpenScriptingUtil.dylib
0x0000000008b05000 	/usr/lib/libpam.2.dylib
0x0000000008b05000 	/usr/lib/libxar-nossl.dylib
0x0000000008b05000 	/usr/lib/libbz2.1.0.dylib
0x0000000008b05000 	/System/Library/Frameworks/CoreServices.framework/Versions/A/Frameworks/CarbonCore.framework/Versions/A/CarbonCore
0x0000000008b05000 	/System/Library/Frameworks/CoreServices.framework/Versions/A/Frameworks/Metadata.framework/Versions/A/Metadata
0x0000000008b05000 	/System/Library/Frameworks/CoreServices.framework/Versions/A/Frameworks/OSServices.framework/Versions/A/OSServices
0x0000000008b05000 	/System/Library/Frameworks/CoreServices.framework/Versions/A/Frameworks/SearchKit.framework/Versions/A/SearchKit
0x0000000008b05000 	/System/Library/Frameworks/CoreServices.framework/Versions/A/Frameworks/AE.framework/Versions/A/AE
0x0000000008b05000 	/System/Library/Frameworks/CoreServices.framework/Versions/A/Frameworks/LaunchServices.framework/Versions/A/LaunchServices
0x0000000008b05000 	/System/Library/Frameworks/CoreServices.framework/Versions/A/Frameworks/DictionaryServices.framework/Versions/A/DictionaryServices
0x0000000008b05000 	/System/Library/Frameworks/NetFS.framework/Versions/A/NetFS
0x0000000008b05000 	/usr/lib/system/libkxld.dylib
0x0000000008b05000 	/System/Library/PrivateFrameworks/NetAuth.framework/Versions/A/NetAuth
0x0000000008b05000 	/usr/lib/libcrypto.0.9.8.dylib
0x0000000008b05000 	/System/Library/PrivateFrameworks/TrustEvaluationAgent.framework/Versions/A/TrustEvaluationAgent
0x0000000008b05000 	/System/Library/Frameworks/OpenDirectory.framework/Versions/A/Frameworks/CFOpenDirectory.framework/Versions/A/CFOpenDirectory
0x0000000008b05000 	/usr/lib/libxslt.1.dylib
0x0000000008b05000 	/System/Library/PrivateFrameworks/FamilyControls.framework/Versions/A/FamilyControls
0x0000000008b05000 	/System/Library/Frameworks/Carbon.framework/Versions/A/Frameworks/Ink.framework/Versions/A/Ink
0x0000000008b05000 	/System/Library/Frameworks/ApplicationServices.framework/Versions/A/Frameworks/CoreGraphics.framework/Versions/A/CoreGraphics
0x0000000008b05000 	/System/Library/Frameworks/ApplicationServices.framework/Versions/A/Frameworks/ImageIO.framework/Versions/A/ImageIO
0x0000000008b05000 	/System/Library/Frameworks/ApplicationServices.framework/Versions/A/Frameworks/CoreText.framework/Versions/A/CoreText
0x0000000008b05000 	/System/Library/Frameworks/ApplicationServices.framework/Versions/A/Frameworks/ATS.framework/Versions/A/ATS
0x0000000008b05000 	/System/Library/Frameworks/ApplicationServices.framework/Versions/A/Frameworks/ColorSync.framework/Versions/A/ColorSync
0x0000000008b05000 	/System/Library/Frameworks/ApplicationServices.framework/Versions/A/Frameworks/HIServices.framework/Versions/A/HIServices
0x0000000008b05000 	/System/Library/Frameworks/ApplicationServices.framework/Versions/A/Frameworks/LangAnalysis.framework/Versions/A/LangAnalysis
0x0000000008b05000 	/System/Library/Frameworks/ApplicationServices.framework/Versions/A/Frameworks/PrintCore.framework/Versions/A/PrintCore
0x0000000008b05000 	/System/Library/Frameworks/ApplicationServices.framework/Versions/A/Frameworks/QD.framework/Versions/A/QD
0x0000000008b05000 	/System/Library/Frameworks/ApplicationServices.framework/Versions/A/Frameworks/SpeechSynthesis.framework/Versions/A/SpeechSynthesis
0x0000000008b05000 	/System/Library/Frameworks/IOSurface.framework/Versions/A/IOSurface
0x0000000008b05000 	/System/Library/Frameworks/Accelerate.framework/Versions/A/Accelerate
0x0000000008b05000 	/System/Library/Frameworks/ApplicationServices.framework/Versions/A/Frameworks/ImageIO.framework/Versions/A/Resources/libJPEG.dylib
0x0000000008b05000 	/System/Library/Frameworks/ApplicationServices.framework/Versions/A/Frameworks/ImageIO.framework/Versions/A/Resources/libTIFF.dylib
0x0000000008b05000 	/System/Library/Frameworks/ApplicationServices.framework/Versions/A/Frameworks/ImageIO.framework/Versions/A/Resources/libPng.dylib
0x0000000008b05000 	/System/Library/Frameworks/ApplicationServices.framework/Versions/A/Frameworks/ImageIO.framework/Versions/A/Resources/libGIF.dylib
0x0000000008b05000 	/System/Library/Frameworks/ApplicationServices.framework/Versions/A/Frameworks/ImageIO.framework/Versions/A/Resources/libJP2.dylib
0x0000000008b05000 	/System/Library/Frameworks/ApplicationServices.framework/Versions/A/Frameworks/ImageIO.framework/Versions/A/Resources/libRadiance.dylib
0x0000000008b05000 	/System/Library/Frameworks/Accelerate.framework/Versions/A/Frameworks/vImage.framework/Versions/A/vImage
0x0000000008b05000 	/System/Library/Frameworks/Accelerate.framework/Versions/A/Frameworks/vecLib.framework/Versions/A/vecLib
0x0000000008b05000 	/System/Library/Frameworks/Accelerate.framework/Versions/A/Frameworks/vecLib.framework/Versions/A/libvDSP.dylib
0x0000000008b05000 	/System/Library/Frameworks/Accelerate.framework/Versions/A/Frameworks/vecLib.framework/Versions/A/libvMisc.dylib
0x0000000008b05000 	/System/Library/Frameworks/Accelerate.framework/Versions/A/Frameworks/vecLib.framework/Versions/A/libLAPACK.dylib
0x0000000008b05000 	/System/Library/Frameworks/Accelerate.framework/Versions/A/Frameworks/vecLib.framework/Versions/A/libBLAS.dylib
0x0000000008b05000 	/System/Library/Frameworks/ApplicationServices.framework/Versions/A/Frameworks/ATS.framework/Versions/A/Resources/libFontParser.dylib
0x0000000008b05000 	/System/Library/Frameworks/ApplicationServices.framework/Versions/A/Frameworks/ATS.framework/Versions/A/Resources/libFontRegistry.dylib
0x0000000008b05000 	/usr/lib/libcups.2.dylib
0x0000000008b05000 	/System/Library/Frameworks/Kerberos.framework/Versions/A/Kerberos
0x0000000008b05000 	/System/Library/Frameworks/GSS.framework/Versions/A/GSS
0x0000000008b05000 	/usr/lib/libresolv.9.dylib
0x0000000008b05000 	/usr/lib/libiconv.2.dylib
0x0000000008b05000 	/System/Library/PrivateFrameworks/Heimdal.framework/Versions/A/Heimdal
0x0000000008b05000 	/System/Library/Frameworks/OpenDirectory.framework/Versions/A/OpenDirectory
0x0000000008b05000 	/System/Library/PrivateFrameworks/CommonAuth.framework/Versions/A/CommonAuth
0x0000000008b05000 	/System/Library/Frameworks/CoreVideo.framework/Versions/A/CoreVideo
0x0000000008b05000 	/System/Library/Frameworks/QuartzCore.framework/Versions/A/Frameworks/CoreImage.framework/Versions/A/CoreImage
0x0000000008b05000 	/System/Library/Frameworks/QuartzCore.framework/Versions/A/Frameworks/ScalableUserInterface.framework/Versions/A/ScalableUserInterface
0x0000000008b05000 	/System/Library/Frameworks/OpenGL.framework/Versions/A/Libraries/libGLU.dylib
0x0000000008b05000 	/System/Library/Frameworks/OpenGL.framework/Versions/A/Libraries/libGFXShared.dylib
0x0000000008b05000 	/System/Library/Frameworks/OpenGL.framework/Versions/A/Libraries/libGL.dylib
0x0000000008b05000 	/System/Library/Frameworks/OpenGL.framework/Versions/A/Libraries/libGLImage.dylib
0x0000000008b05000 	/System/Library/Frameworks/OpenGL.framework/Versions/A/Libraries/libCVMSPluginSupport.dylib
0x0000000008b05000 	/System/Library/Frameworks/OpenGL.framework/Versions/A/Libraries/libCoreVMClient.dylib
0x0000000008b05000 	/System/Library/Frameworks/OpenCL.framework/Versions/A/OpenCL
0x0000000008b05000 	/System/Library/PrivateFrameworks/FaceCoreLight.framework/Versions/A/FaceCoreLight
0x0000000008b05000 	/System/Library/Frameworks/vecLib.framework/Versions/A/vecLib
0x0000000008b05000 	/System/Library/Frameworks/SecurityFoundation.framework/Versions/A/SecurityFoundation
0x0000000008b05000 	/System/Library/PrivateFrameworks/CommerceKit.framework/Versions/A/Frameworks/CommerceCore.framework/Versions/A/CommerceCore
0x0000000008b05000 	/System/Library/PrivateFrameworks/CoreSymbolication.framework/Versions/A/CoreSymbolication
0x0000000008b05000 	/System/Library/PrivateFrameworks/Symbolication.framework/Versions/A/Symbolication
0x0000000008b05000 	/System/Library/PrivateFrameworks/DebugSymbols.framework/Versions/A/DebugSymbols
0x0000000106b00000 	/System/Library/Java/JavaVirtualMachines/1.7.0.jdk/Contents/Home/jre/lib/server/libjvm.dylib
0x00000001069c9000 	/System/Library/Java/JavaVirtualMachines/1.7.0.jdk/Contents/Home/jre/lib/libverify.dylib
0x00000001076a3000 	/System/Library/Java/JavaVirtualMachines/1.7.0.jdk/Contents/Home/jre/lib/libjava.dylib
0x00000001069e0000 	/System/Library/Java/JavaVirtualMachines/1.7.0.jdk/Contents/Home/jre/lib/libzip.dylib
0x000000010f75e000 	/System/Library/Frameworks/JavaVM.framework/Frameworks/JavaRuntimeSupport.framework/JavaRuntimeSupport
0x00000001069ea000 	/System/Library/Frameworks/JavaVM.framework/Versions/A/Frameworks/JavaNativeFoundation.framework/Versions/A/JavaNativeFoundation
0x000000010f776000 	/System/Library/Frameworks/JavaVM.framework/Versions/A/JavaVM
0x0000000008b05000 	/System/Library/Frameworks/Carbon.framework/Versions/A/Carbon
0x000000010f783000 	/System/Library/PrivateFrameworks/JavaLaunching.framework/Versions/A/JavaLaunching
0x0000000008b05000 	/System/Library/Frameworks/Carbon.framework/Versions/A/Frameworks/CommonPanels.framework/Versions/A/CommonPanels
0x0000000008b05000 	/System/Library/Frameworks/Carbon.framework/Versions/A/Frameworks/Help.framework/Versions/A/Help
0x0000000008b05000 	/System/Library/Frameworks/Carbon.framework/Versions/A/Frameworks/ImageCapture.framework/Versions/A/ImageCapture
0x0000000008b05000 	/System/Library/Frameworks/Carbon.framework/Versions/A/Frameworks/OpenScripting.framework/Versions/A/OpenScripting
0x0000000008b05000 	/System/Library/Frameworks/Carbon.framework/Versions/A/Frameworks/Print.framework/Versions/A/Print
0x0000000008b05000 	/System/Library/Frameworks/Carbon.framework/Versions/A/Frameworks/SecurityHI.framework/Versions/A/SecurityHI
0x00000001102c4000 	/System/Library/Java/JavaVirtualMachines/1.7.0.jdk/Contents/Home/jre/lib/libprism-es2.dylib
0x0000000110348000 	/System/Library/Frameworks/OpenGL.framework/Resources/GLEngine.bundle/GLEngine
0x0000000110537000 	/System/Library/Frameworks/OpenGL.framework/Versions/A/Libraries/libGLProgrammability.dylib
0x0000000000000000 	/System/Library/Extensions/GeForceGLDriver.bundle/Contents/MacOS/GeForceGLDriver
0x00000001106c3000 	/System/Library/PrivateFrameworks/GPUSupport.framework/Versions/A/Libraries/libGPUSupport.dylib
0x0000000008b05000 	/System/Library/Extensions/GeForceGLDriver.bundle/Contents/MacOS/libclh.dylib
0x00000001106d9000 	/System/Library/Extensions/AppleIntelHDGraphicsGLDriver.bundle/Contents/MacOS/AppleIntelHDGraphicsGLDriver
0x0000000110b86000 	/System/Library/Frameworks/OpenGL.framework/Resources//GLRendererFloat.bundle/GLRendererFloat
0x0000000110bbd000 	/System/Library/Frameworks/OpenCL.framework/Versions/A/Libraries/libcldcpuengine.dylib
0x0000000008b05000 	/System/Library/PrivateFrameworks/DiskImages.framework/Versions/A/DiskImages
0x0000000110bcd000 	/System/Library/Frameworks/OpenGL.framework/Versions/A/Libraries/libCoreFSCache.dylib
0x0000000008b05000 	/System/Library/Frameworks/DiscRecording.framework/Versions/A/DiscRecording
0x0000000008b05000 	/usr/lib/libcurl.4.dylib
0x0000000008b05000 	/System/Library/PrivateFrameworks/MediaKit.framework/Versions/A/MediaKit
0x0000000008b05000 	/usr/lib/libssl.0.9.8.dylib
0x0000000008b05000 	/System/Library/Frameworks/LDAP.framework/Versions/A/LDAP
0x0000000008b05000 	/usr/lib/libsasl2.2.dylib
0x0000000121fdc000 	/System/Library/Java/JavaVirtualMachines/1.7.0.jdk/Contents/Home/jre/lib/libglass.dylib
0x0000000008b05000 	/System/Library/PrivateFrameworks/CoreServicesInternal.framework/Versions/A/CoreServicesInternal
0x0000000008b05000 	/System/Library/CoreServices/RawCamera.bundle/Contents/MacOS/RawCamera
0x0000000008b05000 	/System/Library/Frameworks/ApplicationServices.framework/Versions/A/Frameworks/CoreGraphics.framework/Versions/A/Resources/libCSync.A.dylib
0x0000000008b05000 	/System/Library/Frameworks/ApplicationServices.framework/Versions/A/Frameworks/CoreGraphics.framework/Versions/A/Resources/libRIP.A.dylib
0x0000000122292000 	/System/Library/Java/JavaVirtualMachines/1.7.0.jdk/Contents/Home/jre/lib/libnio.dylib
0x0000000122623000 	/System/Library/Java/JavaVirtualMachines/1.7.0.jdk/Contents/Home/jre/lib/./libnet.dylib
0x0000000008b05000 	/System/Library/Frameworks/ApplicationServices.framework/Versions/A/Frameworks/CoreGraphics.framework/Versions/A/Resources/libCGXType.A.dylib
0x0000000110042000 	/System/Library/Java/JavaVirtualMachines/1.7.0.jdk/Contents/Home/jre/lib/libawt.dylib
0x00000001101c1000 	/System/Library/Java/JavaVirtualMachines/1.7.0.jdk/Contents/Home/jre/lib/./libmlib_image.dylib
0x0000000124a6c000 	/System/Library/Java/JavaVirtualMachines/1.7.0.jdk/Contents/Home/jre/lib/lwawt/liblwawt.dylib
0x00000001100f1000 	/System/Library/Java/JavaVirtualMachines/1.7.0.jdk/Contents/Home/jre/lib/server/../libosxapp.dylib
0x00000001100fd000 	/System/Library/Frameworks/ExceptionHandling.framework/Versions/A/ExceptionHandling
0x000000012251d000 	/System/Library/Java/JavaVirtualMachines/1.7.0.jdk/Contents/Home/jre/lib/libfontmanager.dylib

VM Arguments:
jvm_args: -Dfile.encoding=UTF-8 
java_command: com.javafx.main.Main
Launcher Type: SUN_STANDARD

Environment Variables:
PATH=/usr/bin:/bin:/usr/sbin:/sbin
SHELL=/bin/bash
DISPLAY=/tmp/launch-w5DEpj/org.x:0

Signal Handlers:
SIGSEGV: [libjvm.dylib+0x4a1961], sa_mask[0]=0xfffefeff, sa_flags=0x00000042
SIGBUS: [libjvm.dylib+0x4a1961], sa_mask[0]=0xfffefeff, sa_flags=0x00000042
SIGFPE: [libjvm.dylib+0x3b173d], sa_mask[0]=0xfffefeff, sa_flags=0x00000042
SIGPIPE: [libjvm.dylib+0x3b173d], sa_mask[0]=0xfffefeff, sa_flags=0x00000042
SIGXFSZ: [libjvm.dylib+0x3b173d], sa_mask[0]=0xfffefeff, sa_flags=0x00000042
SIGILL: [libjvm.dylib+0x3b173d], sa_mask[0]=0xfffefeff, sa_flags=0x00000042
SIGUSR1: SIG_DFL, sa_mask[0]=0x00000000, sa_flags=0x00000002
SIGUSR2: [libjvm.dylib+0x3b12ca], sa_mask[0]=0x00000004, sa_flags=0x00000042
SIGHUP: [libjvm.dylib+0x3af4ef], sa_mask[0]=0xfffefeff, sa_flags=0x00000042
SIGINT: SIG_IGN, sa_mask[0]=0x00000000, sa_flags=0x00000000
SIGTERM: [libjvm.dylib+0x3af4ef], sa_mask[0]=0xfffefeff, sa_flags=0x00000042
SIGQUIT: [libjvm.dylib+0x3af4ef], sa_mask[0]=0xfffefeff, sa_flags=0x00000042


---------------  S Y S T E M  ---------------

OS:Bsd
uname:Darwin 11.4.2 Darwin Kernel Version 11.4.2: Thu Aug 23 16:25:48 PDT 2012; root:xnu-1699.32.7~1/RELEASE_X86_64 x86_64
rlimit: STACK 8192k, CORE 0k, NPROC 709, NOFILE 10240
CPU:total 4 (2 cores per cpu, 2 threads per core) family 6 model 37 stepping 5, cmov, cx8, fxsr, mmx, sse, sse2, sse3, ssse3, sse4.1, sse4.2, popcnt, ht, tsc, tscinvbit

Memory: 4k page, physical 4936852k(1234213k free)

/proc/meminfo:


vm_info: Java HotSpot(TM) 64-Bit Server VM (23.1-b03) for bsd-amd64 JRE (1.7.0_05-b06), built on Jun 27 2012 00:35:26 by "java_re" with gcc 4.2.1 (Based on Apple Inc. build 5658) (LLVM build 2336.1.00)

time: Sat Dec  1 13:30:48 2012
elapsed time: 1 seconds

